Remove: Build/Library/aarch64-rpi4-linux-gnu/MinSizeRel
conan install "/home/tomas/dev/cpp/projects/MyPersonalDiscordBot" --output-folder="/home/tomas/dev/cpp/projects/MyPersonalDiscordBot/Build/Library/aarch64-rpi4-linux-gnu/MinSizeRel" --build=missing --profile aarch64-rpi4-linux-gnu --settings build_type=MinSizeRel -o *:shared=False
source "/home/tomas/dev/cpp/projects/MyPersonalDiscordBot/Build/Library/aarch64-rpi4-linux-gnu/MinSizeRel/conanbuild.sh" && cmake -S "." -B "/home/tomas/dev/cpp/projects/MyPersonalDiscordBot/Build/Library/aarch64-rpi4-linux-gnu/MinSizeRel" -DCMAKE_TOOLCHAIN_FILE="/home/tomas/dev/cpp/projects/MyPersonalDiscordBot/Build/Library/aarch64-rpi4-linux-gnu/MinSizeRel/conan_toolchain.cmake" -DCMAKE_BUILD_TYPE=MinSizeRel -DCMAKE_INSTALL_PREFIX="/home/tomas/dev/cpp/projects/MyPersonalDiscordBot/Build/Install/aarch64-rpi4-linux-gnu/MinSizeRel"
source "/home/tomas/dev/cpp/projects/MyPersonalDiscordBot/Build/Library/aarch64-rpi4-linux-gnu/MinSizeRel/conanbuild.sh" && cmake --build "/home/tomas/dev/cpp/projects/MyPersonalDiscordBot/Build/Library/aarch64-rpi4-linux-gnu/MinSizeRel"  -j 16
source "/home/tomas/dev/cpp/projects/MyPersonalDiscordBot/Build/Standalone/default/Debug/conanbuild.sh" && cmake --build "/home/tomas/dev/cpp/projects/MyPersonalDiscordBot/Build/Standalone/default/Debug"  -j 16
Remove: Build/Library/aarch64-rpi4-linux-gnu/Release
Remove: Build/Standalone/aarch64-rpi4-linux-gnu/Release
conan install "/home/tomas/dev/cpp/projects/MyPersonalDiscordBot" --output-folder="/home/tomas/dev/cpp/projects/MyPersonalDiscordBot/Build/Library/aarch64-rpi4-linux-gnu/Release" --build=missing --profile aarch64-rpi4-linux-gnu --settings build_type=Release -o *:shared=False
conan install "/home/tomas/dev/cpp/projects/MyPersonalDiscordBot" --output-folder="/home/tomas/dev/cpp/projects/MyPersonalDiscordBot/Build/Standalone/aarch64-rpi4-linux-gnu/Release" --build=missing --profile aarch64-rpi4-linux-gnu --settings build_type=Release -o *:shared=False
source "/home/tomas/dev/cpp/projects/MyPersonalDiscordBot/Build/Library/aarch64-rpi4-linux-gnu/Release/conanbuild.sh" && cmake -S "." -B "/home/tomas/dev/cpp/projects/MyPersonalDiscordBot/Build/Library/aarch64-rpi4-linux-gnu/Release" -DCMAKE_TOOLCHAIN_FILE="/home/tomas/dev/cpp/projects/MyPersonalDiscordBot/Build/Library/aarch64-rpi4-linux-gnu/Release/conan_toolchain.cmake" -DCMAKE_BUILD_TYPE=Release -DCMAKE_INSTALL_PREFIX="/home/tomas/dev/cpp/projects/MyPersonalDiscordBot/Build/Install/aarch64-rpi4-linux-gnu/Release"
source "/home/tomas/dev/cpp/projects/MyPersonalDiscordBot/Build/Standalone/aarch64-rpi4-linux-gnu/Release/conanbuild.sh" && cmake -S "./Standalone" -B "/home/tomas/dev/cpp/projects/MyPersonalDiscordBot/Build/Standalone/aarch64-rpi4-linux-gnu/Release" -DCMAKE_TOOLCHAIN_FILE="/home/tomas/dev/cpp/projects/MyPersonalDiscordBot/Build/Standalone/aarch64-rpi4-linux-gnu/Release/conan_toolchain.cmake" -DCMAKE_BUILD_TYPE=Release -DCMAKE_INSTALL_PREFIX="/home/tomas/dev/cpp/projects/MyPersonalDiscordBot/Build/Install/aarch64-rpi4-linux-gnu/Release"
source "/home/tomas/dev/cpp/projects/MyPersonalDiscordBot/Build/Library/aarch64-rpi4-linux-gnu/Release/conanbuild.sh" && cmake --build "/home/tomas/dev/cpp/projects/MyPersonalDiscordBot/Build/Library/aarch64-rpi4-linux-gnu/Release"  -j 16
source "/home/tomas/dev/cpp/projects/MyPersonalDiscordBot/Build/Standalone/aarch64-rpi4-linux-gnu/Release/conanbuild.sh" && cmake --build "/home/tomas/dev/cpp/projects/MyPersonalDiscordBot/Build/Standalone/aarch64-rpi4-linux-gnu/Release"  -j 16
source "/home/tomas/dev/cpp/projects/MyPersonalDiscordBot/Build/Library/aarch64-rpi4-linux-gnu/Release/conanbuild.sh" && cmake --build "/home/tomas/dev/cpp/projects/MyPersonalDiscordBot/Build/Library/aarch64-rpi4-linux-gnu/Release" --target install -j 16
source "/home/tomas/dev/cpp/projects/MyPersonalDiscordBot/Build/Standalone/aarch64-rpi4-linux-gnu/Release/conanbuild.sh" && cmake --build "/home/tomas/dev/cpp/projects/MyPersonalDiscordBot/Build/Standalone/aarch64-rpi4-linux-gnu/Release" --target install -j 16
source "/home/tomas/dev/cpp/projects/MyPersonalDiscordBot/Build/Standalone/default/Debug/conanbuild.sh" && cmake --build "/home/tomas/dev/cpp/projects/MyPersonalDiscordBot/Build/Standalone/default/Debug"  -j 16
Remove: Build/Library/aarch64-rpi4-linux-gnu/Release
Remove: Build/Standalone/aarch64-rpi4-linux-gnu/Release
conan install "/home/tomas/dev/cpp/projects/MyPersonalDiscordBot" --output-folder="/home/tomas/dev/cpp/projects/MyPersonalDiscordBot/Build/Library/aarch64-rpi4-linux-gnu/Release" --build=missing --profile aarch64-rpi4-linux-gnu --settings build_type=Release -o *:shared=False
conan install "/home/tomas/dev/cpp/projects/MyPersonalDiscordBot" --output-folder="/home/tomas/dev/cpp/projects/MyPersonalDiscordBot/Build/Standalone/aarch64-rpi4-linux-gnu/Release" --build=missing --profile aarch64-rpi4-linux-gnu --settings build_type=Release -o *:shared=False
source "/home/tomas/dev/cpp/projects/MyPersonalDiscordBot/Build/Library/aarch64-rpi4-linux-gnu/Release/conanbuild.sh" && cmake -S "." -B "/home/tomas/dev/cpp/projects/MyPersonalDiscordBot/Build/Library/aarch64-rpi4-linux-gnu/Release" -DCMAKE_TOOLCHAIN_FILE="/home/tomas/dev/cpp/projects/MyPersonalDiscordBot/Build/Library/aarch64-rpi4-linux-gnu/Release/conan_toolchain.cmake" -DCMAKE_BUILD_TYPE=Release -DCMAKE_INSTALL_PREFIX="/home/tomas/dev/cpp/projects/MyPersonalDiscordBot/Build/Install/aarch64-rpi4-linux-gnu/Release"
source "/home/tomas/dev/cpp/projects/MyPersonalDiscordBot/Build/Standalone/aarch64-rpi4-linux-gnu/Release/conanbuild.sh" && cmake -S "./Standalone" -B "/home/tomas/dev/cpp/projects/MyPersonalDiscordBot/Build/Standalone/aarch64-rpi4-linux-gnu/Release" -DCMAKE_TOOLCHAIN_FILE="/home/tomas/dev/cpp/projects/MyPersonalDiscordBot/Build/Standalone/aarch64-rpi4-linux-gnu/Release/conan_toolchain.cmake" -DCMAKE_BUILD_TYPE=Release -DCMAKE_INSTALL_PREFIX="/home/tomas/dev/cpp/projects/MyPersonalDiscordBot/Build/Install/aarch64-rpi4-linux-gnu/Release"
source "/home/tomas/dev/cpp/projects/MyPersonalDiscordBot/Build/Library/aarch64-rpi4-linux-gnu/Release/conanbuild.sh" && cmake --build "/home/tomas/dev/cpp/projects/MyPersonalDiscordBot/Build/Library/aarch64-rpi4-linux-gnu/Release"  -j 16
source "/home/tomas/dev/cpp/projects/MyPersonalDiscordBot/Build/Standalone/aarch64-rpi4-linux-gnu/Release/conanbuild.sh" && cmake --build "/home/tomas/dev/cpp/projects/MyPersonalDiscordBot/Build/Standalone/aarch64-rpi4-linux-gnu/Release"  -j 16
source "/home/tomas/dev/cpp/projects/MyPersonalDiscordBot/Build/Library/aarch64-rpi4-linux-gnu/Release/conanbuild.sh" && cmake --build "/home/tomas/dev/cpp/projects/MyPersonalDiscordBot/Build/Library/aarch64-rpi4-linux-gnu/Release" --target install -j 16
source "/home/tomas/dev/cpp/projects/MyPersonalDiscordBot/Build/Standalone/aarch64-rpi4-linux-gnu/Release/conanbuild.sh" && cmake --build "/home/tomas/dev/cpp/projects/MyPersonalDiscordBot/Build/Standalone/aarch64-rpi4-linux-gnu/Release" --target install -j 16
source "/home/tomas/dev/cpp/projects/MyPersonalDiscordBot/Build/Standalone/default/Debug/conanbuild.sh" && cmake --build "/home/tomas/dev/cpp/projects/MyPersonalDiscordBot/Build/Standalone/default/Debug"  -j 16
conan install "/home/tomas/dev/cpp/projects/MyPersonalDiscordBot" --output-folder="/home/tomas/dev/cpp/projects/MyPersonalDiscordBot/Build/Standalone/default/Debug" --build=missing --profile default --settings build_type=Debug -o *:shared=False
Remove: Build/Standalone/default/Debug
conan install "/home/tomas/dev/cpp/projects/MyPersonalDiscordBot" --output-folder="/home/tomas/dev/cpp/projects/MyPersonalDiscordBot/Build/Standalone/default/Debug" --build=missing --profile default --settings build_type=Debug -o *:shared=False
source "/home/tomas/dev/cpp/projects/MyPersonalDiscordBot/Build/Standalone/default/Debug/conanbuild.sh" && cmake -S "./Standalone" -B "/home/tomas/dev/cpp/projects/MyPersonalDiscordBot/Build/Standalone/default/Debug" -DCMAKE_TOOLCHAIN_FILE="/home/tomas/dev/cpp/projects/MyPersonalDiscordBot/Build/Standalone/default/Debug/conan_toolchain.cmake" -DCMAKE_BUILD_TYPE=Debug -DCMAKE_INSTALL_PREFIX="/home/tomas/dev/cpp/projects/MyPersonalDiscordBot/Build/Install/default/Debug"
source "/home/tomas/dev/cpp/projects/MyPersonalDiscordBot/Build/Standalone/default/Debug/conanbuild.sh" && cmake --build "/home/tomas/dev/cpp/projects/MyPersonalDiscordBot/Build/Standalone/default/Debug"  -j 16
source "/home/tomas/dev/cpp/projects/MyPersonalDiscordBot/Build/Standalone/default/Debug/conanbuild.sh" && cmake --build "/home/tomas/dev/cpp/projects/MyPersonalDiscordBot/Build/Standalone/default/Debug" --target install -j 16
source "/home/tomas/dev/cpp/projects/MyPersonalDiscordBot/Build/Standalone/default/Debug/conanbuild.sh" && cmake --build "/home/tomas/dev/cpp/projects/MyPersonalDiscordBot/Build/Standalone/default/Debug"  -j 16
Remove: Build/Standalone/aarch64-rpi4-linux-gnu/Release
conan install "/home/tomas/dev/cpp/projects/MyPersonalDiscordBot" --output-folder="/home/tomas/dev/cpp/projects/MyPersonalDiscordBot/Build/Standalone/aarch64-rpi4-linux-gnu/Release" --build=missing --profile aarch64-rpi4-linux-gnu --settings build_type=Release -o *:shared=False
source "/home/tomas/dev/cpp/projects/MyPersonalDiscordBot/Build/Standalone/aarch64-rpi4-linux-gnu/Release/conanbuild.sh" && cmake -S "./Standalone" -B "/home/tomas/dev/cpp/projects/MyPersonalDiscordBot/Build/Standalone/aarch64-rpi4-linux-gnu/Release" -DCMAKE_TOOLCHAIN_FILE="/home/tomas/dev/cpp/projects/MyPersonalDiscordBot/Build/Standalone/aarch64-rpi4-linux-gnu/Release/conan_toolchain.cmake" -DCMAKE_BUILD_TYPE=Release -DCMAKE_INSTALL_PREFIX="/home/tomas/dev/cpp/projects/MyPersonalDiscordBot/Build/Install/aarch64-rpi4-linux-gnu/Release"
source "/home/tomas/dev/cpp/projects/MyPersonalDiscordBot/Build/Standalone/aarch64-rpi4-linux-gnu/Release/conanbuild.sh" && cmake --build "/home/tomas/dev/cpp/projects/MyPersonalDiscordBot/Build/Standalone/aarch64-rpi4-linux-gnu/Release"  -j 16
source "/home/tomas/dev/cpp/projects/MyPersonalDiscordBot/Build/Standalone/aarch64-rpi4-linux-gnu/Release/conanbuild.sh" && cmake --build "/home/tomas/dev/cpp/projects/MyPersonalDiscordBot/Build/Standalone/aarch64-rpi4-linux-gnu/Release" --target install -j 16
source "/home/tomas/dev/cpp/projects/MyPersonalDiscordBot/Build/Standalone/default/Debug/conanbuild.sh" && cmake --build "/home/tomas/dev/cpp/projects/MyPersonalDiscordBot/Build/Standalone/default/Debug"  -j 16
Remove: Build/Standalone/aarch64-rpi4-linux-gnu/Release
conan install "/home/tomas/dev/cpp/projects/MyPersonalDiscordBot" --output-folder="/home/tomas/dev/cpp/projects/MyPersonalDiscordBot/Build/Standalone/aarch64-rpi4-linux-gnu/Release" --build=missing --profile aarch64-rpi4-linux-gnu --settings build_type=Release -o *:shared=False
source "/home/tomas/dev/cpp/projects/MyPersonalDiscordBot/Build/Standalone/aarch64-rpi4-linux-gnu/Release/conanbuild.sh" && cmake -S "./Standalone" -B "/home/tomas/dev/cpp/projects/MyPersonalDiscordBot/Build/Standalone/aarch64-rpi4-linux-gnu/Release" -DCMAKE_TOOLCHAIN_FILE="/home/tomas/dev/cpp/projects/MyPersonalDiscordBot/Build/Standalone/aarch64-rpi4-linux-gnu/Release/conan_toolchain.cmake" -DCMAKE_BUILD_TYPE=Release -DCMAKE_INSTALL_PREFIX="/home/tomas/dev/cpp/projects/MyPersonalDiscordBot/Build/Install/aarch64-rpi4-linux-gnu/Release"
source "/home/tomas/dev/cpp/projects/MyPersonalDiscordBot/Build/Standalone/aarch64-rpi4-linux-gnu/Release/conanbuild.sh" && cmake --build "/home/tomas/dev/cpp/projects/MyPersonalDiscordBot/Build/Standalone/aarch64-rpi4-linux-gnu/Release"  -j 16
source "/home/tomas/dev/cpp/projects/MyPersonalDiscordBot/Build/Standalone/aarch64-rpi4-linux-gnu/Release/conanbuild.sh" && cmake --build "/home/tomas/dev/cpp/projects/MyPersonalDiscordBot/Build/Standalone/aarch64-rpi4-linux-gnu/Release" --target install -j 16
Remove: Build/Library/aarch64-rpi4-linux-gnu/Release
Remove: Build/Standalone/aarch64-rpi4-linux-gnu/Release
conan install "/home/tomas/dev/cpp/projects/MyPersonalDiscordBot" --output-folder="/home/tomas/dev/cpp/projects/MyPersonalDiscordBot/Build/Library/aarch64-rpi4-linux-gnu/Release" --build=missing --profile aarch64-rpi4-linux-gnu --settings build_type=Release -o *:shared=False
conan install "/home/tomas/dev/cpp/projects/MyPersonalDiscordBot" --output-folder="/home/tomas/dev/cpp/projects/MyPersonalDiscordBot/Build/Standalone/aarch64-rpi4-linux-gnu/Release" --build=missing --profile aarch64-rpi4-linux-gnu --settings build_type=Release -o *:shared=False
source "/home/tomas/dev/cpp/projects/MyPersonalDiscordBot/Build/Library/aarch64-rpi4-linux-gnu/Release/conanbuild.sh" && cmake -S "." -B "/home/tomas/dev/cpp/projects/MyPersonalDiscordBot/Build/Library/aarch64-rpi4-linux-gnu/Release" -DCMAKE_TOOLCHAIN_FILE="/home/tomas/dev/cpp/projects/MyPersonalDiscordBot/Build/Library/aarch64-rpi4-linux-gnu/Release/conan_toolchain.cmake" -DCMAKE_BUILD_TYPE=Release -DCMAKE_INSTALL_PREFIX="/home/tomas/dev/cpp/projects/MyPersonalDiscordBot/Build/Install/aarch64-rpi4-linux-gnu/Release"
source "/home/tomas/dev/cpp/projects/MyPersonalDiscordBot/Build/Standalone/aarch64-rpi4-linux-gnu/Release/conanbuild.sh" && cmake -S "./Standalone" -B "/home/tomas/dev/cpp/projects/MyPersonalDiscordBot/Build/Standalone/aarch64-rpi4-linux-gnu/Release" -DCMAKE_TOOLCHAIN_FILE="/home/tomas/dev/cpp/projects/MyPersonalDiscordBot/Build/Standalone/aarch64-rpi4-linux-gnu/Release/conan_toolchain.cmake" -DCMAKE_BUILD_TYPE=Release -DCMAKE_INSTALL_PREFIX="/home/tomas/dev/cpp/projects/MyPersonalDiscordBot/Build/Install/aarch64-rpi4-linux-gnu/Release"
source "/home/tomas/dev/cpp/projects/MyPersonalDiscordBot/Build/Library/aarch64-rpi4-linux-gnu/Release/conanbuild.sh" && cmake --build "/home/tomas/dev/cpp/projects/MyPersonalDiscordBot/Build/Library/aarch64-rpi4-linux-gnu/Release"  -j 16
source "/home/tomas/dev/cpp/projects/MyPersonalDiscordBot/Build/Standalone/aarch64-rpi4-linux-gnu/Release/conanbuild.sh" && cmake --build "/home/tomas/dev/cpp/projects/MyPersonalDiscordBot/Build/Standalone/aarch64-rpi4-linux-gnu/Release"  -j 16
source "/home/tomas/dev/cpp/projects/MyPersonalDiscordBot/Build/Library/aarch64-rpi4-linux-gnu/Release/conanbuild.sh" && cmake --build "/home/tomas/dev/cpp/projects/MyPersonalDiscordBot/Build/Library/aarch64-rpi4-linux-gnu/Release" --target install -j 16
source "/home/tomas/dev/cpp/projects/MyPersonalDiscordBot/Build/Standalone/aarch64-rpi4-linux-gnu/Release/conanbuild.sh" && cmake --build "/home/tomas/dev/cpp/projects/MyPersonalDiscordBot/Build/Standalone/aarch64-rpi4-linux-gnu/Release" --target install -j 16
source "/home/tomas/dev/cpp/projects/MyPersonalDiscordBot/Build/Standalone/default/Debug/conanbuild.sh" && cmake --build "/home/tomas/dev/cpp/projects/MyPersonalDiscordBot/Build/Standalone/default/Debug"  -j 16
Remove: Build/Library/aarch64-rpi4-linux-gnu/Release
Remove: Build/Standalone/aarch64-rpi4-linux-gnu/Release
conan install "/home/tomas/dev/cpp/projects/MyPersonalDiscordBot" --output-folder="/home/tomas/dev/cpp/projects/MyPersonalDiscordBot/Build/Library/aarch64-rpi4-linux-gnu/Release" --build=missing --profile aarch64-rpi4-linux-gnu --settings build_type=Release -o *:shared=False
conan install "/home/tomas/dev/cpp/projects/MyPersonalDiscordBot" --output-folder="/home/tomas/dev/cpp/projects/MyPersonalDiscordBot/Build/Standalone/aarch64-rpi4-linux-gnu/Release" --build=missing --profile aarch64-rpi4-linux-gnu --settings build_type=Release -o *:shared=False
source "/home/tomas/dev/cpp/projects/MyPersonalDiscordBot/Build/Library/aarch64-rpi4-linux-gnu/Release/conanbuild.sh" && cmake -S "." -B "/home/tomas/dev/cpp/projects/MyPersonalDiscordBot/Build/Library/aarch64-rpi4-linux-gnu/Release" -DCMAKE_TOOLCHAIN_FILE="/home/tomas/dev/cpp/projects/MyPersonalDiscordBot/Build/Library/aarch64-rpi4-linux-gnu/Release/conan_toolchain.cmake" -DCMAKE_BUILD_TYPE=Release -DCMAKE_INSTALL_PREFIX="/home/tomas/dev/cpp/projects/MyPersonalDiscordBot/Build/Install/aarch64-rpi4-linux-gnu/Release"
source "/home/tomas/dev/cpp/projects/MyPersonalDiscordBot/Build/Standalone/aarch64-rpi4-linux-gnu/Release/conanbuild.sh" && cmake -S "./Standalone" -B "/home/tomas/dev/cpp/projects/MyPersonalDiscordBot/Build/Standalone/aarch64-rpi4-linux-gnu/Release" -DCMAKE_TOOLCHAIN_FILE="/home/tomas/dev/cpp/projects/MyPersonalDiscordBot/Build/Standalone/aarch64-rpi4-linux-gnu/Release/conan_toolchain.cmake" -DCMAKE_BUILD_TYPE=Release -DCMAKE_INSTALL_PREFIX="/home/tomas/dev/cpp/projects/MyPersonalDiscordBot/Build/Install/aarch64-rpi4-linux-gnu/Release"
source "/home/tomas/dev/cpp/projects/MyPersonalDiscordBot/Build/Library/aarch64-rpi4-linux-gnu/Release/conanbuild.sh" && cmake --build "/home/tomas/dev/cpp/projects/MyPersonalDiscordBot/Build/Library/aarch64-rpi4-linux-gnu/Release"  -j 16
source "/home/tomas/dev/cpp/projects/MyPersonalDiscordBot/Build/Standalone/aarch64-rpi4-linux-gnu/Release/conanbuild.sh" && cmake --build "/home/tomas/dev/cpp/projects/MyPersonalDiscordBot/Build/Standalone/aarch64-rpi4-linux-gnu/Release"  -j 16
source "/home/tomas/dev/cpp/projects/MyPersonalDiscordBot/Build/Library/aarch64-rpi4-linux-gnu/Release/conanbuild.sh" && cmake --build "/home/tomas/dev/cpp/projects/MyPersonalDiscordBot/Build/Library/aarch64-rpi4-linux-gnu/Release" --target install -j 16
source "/home/tomas/dev/cpp/projects/MyPersonalDiscordBot/Build/Standalone/aarch64-rpi4-linux-gnu/Release/conanbuild.sh" && cmake --build "/home/tomas/dev/cpp/projects/MyPersonalDiscordBot/Build/Standalone/aarch64-rpi4-linux-gnu/Release" --target install -j 16
source "/home/tomas/dev/cpp/projects/MyPersonalDiscordBot/Build/Standalone/default/Debug/conanbuild.sh" && cmake --build "/home/tomas/dev/cpp/projects/MyPersonalDiscordBot/Build/Standalone/default/Debug"  -j 16
Remove: Build/Standalone/default/Debug
conan install "/home/tomas/dev/cpp/projects/MyPersonalDiscordBot" --output-folder="/home/tomas/dev/cpp/projects/MyPersonalDiscordBot/Build/Standalone/default/Debug" --build=missing --profile default --settings build_type=Debug -o *:shared=False
source "/home/tomas/dev/cpp/projects/MyPersonalDiscordBot/Build/Standalone/default/Debug/conanbuild.sh" && cmake -S "./Standalone" -B "/home/tomas/dev/cpp/projects/MyPersonalDiscordBot/Build/Standalone/default/Debug" -DCMAKE_TOOLCHAIN_FILE="/home/tomas/dev/cpp/projects/MyPersonalDiscordBot/Build/Standalone/default/Debug/conan_toolchain.cmake" -DCMAKE_BUILD_TYPE=Debug -DCMAKE_INSTALL_PREFIX="/home/tomas/dev/cpp/projects/MyPersonalDiscordBot/Build/Install/default/Debug"
source "/home/tomas/dev/cpp/projects/MyPersonalDiscordBot/Build/Standalone/default/Debug/conanbuild.sh" && cmake --build "/home/tomas/dev/cpp/projects/MyPersonalDiscordBot/Build/Standalone/default/Debug"  -j 16
source "/home/tomas/dev/cpp/projects/MyPersonalDiscordBot/Build/Standalone/default/Debug/conanbuild.sh" && cmake --build "/home/tomas/dev/cpp/projects/MyPersonalDiscordBot/Build/Standalone/default/Debug" --target install -j 16
source "/home/tomas/dev/cpp/projects/MyPersonalDiscordBot/Build/Standalone/default/Debug/conanbuild.sh" && cmake --build "/home/tomas/dev/cpp/projects/MyPersonalDiscordBot/Build/Standalone/default/Debug"  -j 16
Remove: Build/Standalone/aarch64-rpi4-linux-gnu/Release
conan install "/home/tomas/dev/cpp/projects/MyPersonalDiscordBot" --output-folder="/home/tomas/dev/cpp/projects/MyPersonalDiscordBot/Build/Standalone/aarch64-rpi4-linux-gnu/Release" --build=missing --profile aarch64-rpi4-linux-gnu --settings build_type=Release -o *:shared=False
source "/home/tomas/dev/cpp/projects/MyPersonalDiscordBot/Build/Standalone/aarch64-rpi4-linux-gnu/Release/conanbuild.sh" && cmake -S "./Standalone" -B "/home/tomas/dev/cpp/projects/MyPersonalDiscordBot/Build/Standalone/aarch64-rpi4-linux-gnu/Release" -DCMAKE_TOOLCHAIN_FILE="/home/tomas/dev/cpp/projects/MyPersonalDiscordBot/Build/Standalone/aarch64-rpi4-linux-gnu/Release/conan_toolchain.cmake" -DCMAKE_BUILD_TYPE=Release -DCMAKE_INSTALL_PREFIX="/home/tomas/dev/cpp/projects/MyPersonalDiscordBot/Build/Install/aarch64-rpi4-linux-gnu/Release"
source "/home/tomas/dev/cpp/projects/MyPersonalDiscordBot/Build/Standalone/aarch64-rpi4-linux-gnu/Release/conanbuild.sh" && cmake --build "/home/tomas/dev/cpp/projects/MyPersonalDiscordBot/Build/Standalone/aarch64-rpi4-linux-gnu/Release"  -j 16
source "/home/tomas/dev/cpp/projects/MyPersonalDiscordBot/Build/Standalone/aarch64-rpi4-linux-gnu/Release/conanbuild.sh" && cmake --build "/home/tomas/dev/cpp/projects/MyPersonalDiscordBot/Build/Standalone/aarch64-rpi4-linux-gnu/Release" --target install -j 16
source "/home/tomas/dev/cpp/projects/MyPersonalDiscordBot/Build/Standalone/default/Debug/conanbuild.sh" && cmake --build "/home/tomas/dev/cpp/projects/MyPersonalDiscordBot/Build/Standalone/default/Debug"  -j 16
source "/home/tomas/dev/cpp/projects/MyPersonalDiscordBot/Build/Standalone/default/Debug/conanbuild.sh" && cmake --build "/home/tomas/dev/cpp/projects/MyPersonalDiscordBot/Build/Standalone/default/Debug"  -j 16
Remove: Build/Standalone/default/Debug
conan install "/home/tomas/dev/cpp/projects/MyPersonalDiscordBot" --output-folder="/home/tomas/dev/cpp/projects/MyPersonalDiscordBot/Build/Standalone/default/Debug" --build=missing --profile default --settings build_type=Debug 
source "/home/tomas/dev/cpp/projects/MyPersonalDiscordBot/Build/Standalone/default/Debug/conanbuild.sh" && cmake -S "./Standalone" -B "/home/tomas/dev/cpp/projects/MyPersonalDiscordBot/Build/Standalone/default/Debug" -DCMAKE_TOOLCHAIN_FILE="/home/tomas/dev/cpp/projects/MyPersonalDiscordBot/Build/Standalone/default/Debug/conan_toolchain.cmake" -DCMAKE_BUILD_TYPE=Debug -DCMAKE_INSTALL_PREFIX="/home/tomas/dev/cpp/projects/MyPersonalDiscordBot/Build/Install/default/Debug"
source "/home/tomas/dev/cpp/projects/MyPersonalDiscordBot/Build/Standalone/default/Debug/conanbuild.sh" && cmake --build "/home/tomas/dev/cpp/projects/MyPersonalDiscordBot/Build/Standalone/default/Debug"  -j 16
source "/home/tomas/dev/cpp/projects/MyPersonalDiscordBot/Build/Standalone/default/Debug/conanbuild.sh" && cmake --build "/home/tomas/dev/cpp/projects/MyPersonalDiscordBot/Build/Standalone/default/Debug" --target install -j 16
source "/home/tomas/dev/cpp/projects/MyPersonalDiscordBot/Build/Standalone/default/Debug/conanbuild.sh" && cmake --build "/home/tomas/dev/cpp/projects/MyPersonalDiscordBot/Build/Standalone/default/Debug"  -j 16
Remove: Build/Standalone/aarch64-rpi4-linux-gnu/MinSizeRel
conan install "/home/tomas/dev/cpp/projects/MyPersonalDiscordBot" --output-folder="/home/tomas/dev/cpp/projects/MyPersonalDiscordBot/Build/Standalone/aarch64-rpi4-linux-gnu/MinSizeRel" --build=missing --profile aarch64-rpi4-linux-gnu --settings build_type=MinSizeRel 
source "/home/tomas/dev/cpp/projects/MyPersonalDiscordBot/Build/Standalone/aarch64-rpi4-linux-gnu/MinSizeRel/conanbuild.sh" && cmake -S "./Standalone" -B "/home/tomas/dev/cpp/projects/MyPersonalDiscordBot/Build/Standalone/aarch64-rpi4-linux-gnu/MinSizeRel" -DCMAKE_TOOLCHAIN_FILE="/home/tomas/dev/cpp/projects/MyPersonalDiscordBot/Build/Standalone/aarch64-rpi4-linux-gnu/MinSizeRel/conan_toolchain.cmake" -DCMAKE_BUILD_TYPE=MinSizeRel -DCMAKE_INSTALL_PREFIX="/home/tomas/dev/cpp/projects/MyPersonalDiscordBot/Build/Install/aarch64-rpi4-linux-gnu/MinSizeRel"
source "/home/tomas/dev/cpp/projects/MyPersonalDiscordBot/Build/Standalone/aarch64-rpi4-linux-gnu/MinSizeRel/conanbuild.sh" && cmake --build "/home/tomas/dev/cpp/projects/MyPersonalDiscordBot/Build/Standalone/aarch64-rpi4-linux-gnu/MinSizeRel"  -j 16
source "/home/tomas/dev/cpp/projects/MyPersonalDiscordBot/Build/Standalone/aarch64-rpi4-linux-gnu/MinSizeRel/conanbuild.sh" && cmake --build "/home/tomas/dev/cpp/projects/MyPersonalDiscordBot/Build/Standalone/aarch64-rpi4-linux-gnu/MinSizeRel" --target install -j 16
source "/home/tomas/dev/cpp/projects/MyPersonalDiscordBot/Build/Standalone/default/Debug/conanbuild.sh" && cmake --build "/home/tomas/dev/cpp/projects/MyPersonalDiscordBot/Build/Standalone/default/Debug"  -j 16
cmake --build "/home/tomas/dev/cpp/projects/MyPersonalDiscordBot/Build/Standalone/default/Debug"  -j 16
Remove: Build/Standalone/default/Debug
conan install "/home/tomas/dev/cpp/projects/MyPersonalDiscordBot" --output-folder="/home/tomas/dev/cpp/projects/MyPersonalDiscordBot/Build/Standalone/default/Debug" --build=missing --profile default --settings build_type=Debug 
source "/home/tomas/dev/cpp/projects/MyPersonalDiscordBot/Build/Standalone/default/Debug/conanbuild.sh" && cmake -S "./Standalone" -B "/home/tomas/dev/cpp/projects/MyPersonalDiscordBot/Build/Standalone/default/Debug" -DCMAKE_TOOLCHAIN_FILE="/home/tomas/dev/cpp/projects/MyPersonalDiscordBot/Build/Standalone/default/Debug/conan_toolchain.cmake" -DCMAKE_BUILD_TYPE=Debug -DCMAKE_INSTALL_PREFIX="/home/tomas/dev/cpp/projects/MyPersonalDiscordBot/Build/Install/default/Debug"
source "/home/tomas/dev/cpp/projects/MyPersonalDiscordBot/Build/Standalone/default/Debug/conanbuild.sh" && cmake --build "/home/tomas/dev/cpp/projects/MyPersonalDiscordBot/Build/Standalone/default/Debug"  -j 16
source "/home/tomas/dev/cpp/projects/MyPersonalDiscordBot/Build/Standalone/default/Debug/conanbuild.sh" && cmake --build "/home/tomas/dev/cpp/projects/MyPersonalDiscordBot/Build/Standalone/default/Debug" --target install -j 16
Remove: Build/Standalone/default/Debug
conan install "/home/tomas/dev/cpp/projects/MyPersonalDiscordBot" --output-folder="/home/tomas/dev/cpp/projects/MyPersonalDiscordBot/Build/Standalone/default/Debug" --build=missing --profile default --settings build_type=Debug 
source "/home/tomas/dev/cpp/projects/MyPersonalDiscordBot/Build/Standalone/default/Debug/conanbuild.sh" && cmake -S "./Standalone" -B "/home/tomas/dev/cpp/projects/MyPersonalDiscordBot/Build/Standalone/default/Debug" -DCMAKE_TOOLCHAIN_FILE="/home/tomas/dev/cpp/projects/MyPersonalDiscordBot/Build/Standalone/default/Debug/conan_toolchain.cmake" -DCMAKE_BUILD_TYPE=Debug -DCMAKE_INSTALL_PREFIX="/home/tomas/dev/cpp/projects/MyPersonalDiscordBot/Build/Install/default/Debug"
source "/home/tomas/dev/cpp/projects/MyPersonalDiscordBot/Build/Standalone/default/Debug/conanbuild.sh" && cmake --build "/home/tomas/dev/cpp/projects/MyPersonalDiscordBot/Build/Standalone/default/Debug"  -j 16
source "/home/tomas/dev/cpp/projects/MyPersonalDiscordBot/Build/Standalone/default/Debug/conanbuild.sh" && cmake --build "/home/tomas/dev/cpp/projects/MyPersonalDiscordBot/Build/Standalone/default/Debug" --target install -j 16
Remove: Build/Standalone/default/Debug
conan install "/home/tomas/dev/cpp/projects/MyPersonalDiscordBot" --output-folder="/home/tomas/dev/cpp/projects/MyPersonalDiscordBot/Build/Standalone/default/Debug" --build=missing --profile default --settings build_type=Debug -o *:shared=False
source "/home/tomas/dev/cpp/projects/MyPersonalDiscordBot/Build/Standalone/default/Debug/conanbuild.sh" && cmake -S "./Standalone" -B "/home/tomas/dev/cpp/projects/MyPersonalDiscordBot/Build/Standalone/default/Debug" -DCMAKE_TOOLCHAIN_FILE="/home/tomas/dev/cpp/projects/MyPersonalDiscordBot/Build/Standalone/default/Debug/conan_toolchain.cmake" -DCMAKE_BUILD_TYPE=Debug -DCMAKE_INSTALL_PREFIX="/home/tomas/dev/cpp/projects/MyPersonalDiscordBot/Build/Install/default/Debug"
source "/home/tomas/dev/cpp/projects/MyPersonalDiscordBot/Build/Standalone/default/Debug/conanbuild.sh" && cmake --build "/home/tomas/dev/cpp/projects/MyPersonalDiscordBot/Build/Standalone/default/Debug"  -j 16
source "/home/tomas/dev/cpp/projects/MyPersonalDiscordBot/Build/Standalone/default/Debug/conanbuild.sh" && cmake --build "/home/tomas/dev/cpp/projects/MyPersonalDiscordBot/Build/Standalone/default/Debug" --target install -j 16
Remove: Build/Library/default/Debug
Remove: Build/Standalone/default/Debug
conan install "/home/tomas/dev/cpp/projects/MyPersonalDiscordBot" --output-folder="/home/tomas/dev/cpp/projects/MyPersonalDiscordBot/Build/Library/default/Debug" --build=missing --profile default --settings build_type=Debug -o *:shared=False
conan install "/home/tomas/dev/cpp/projects/MyPersonalDiscordBot" --output-folder="/home/tomas/dev/cpp/projects/MyPersonalDiscordBot/Build/Standalone/default/Debug" --build=missing --profile default --settings build_type=Debug -o *:shared=False
source "/home/tomas/dev/cpp/projects/MyPersonalDiscordBot/Build/Library/default/Debug/conanbuild.sh" && cmake -S "." -B "/home/tomas/dev/cpp/projects/MyPersonalDiscordBot/Build/Library/default/Debug" -DCMAKE_TOOLCHAIN_FILE="/home/tomas/dev/cpp/projects/MyPersonalDiscordBot/Build/Library/default/Debug/conan_toolchain.cmake" -DCMAKE_BUILD_TYPE=Debug -DCMAKE_INSTALL_PREFIX="/home/tomas/dev/cpp/projects/MyPersonalDiscordBot/Build/Install/default/Debug"
source "/home/tomas/dev/cpp/projects/MyPersonalDiscordBot/Build/Standalone/default/Debug/conanbuild.sh" && cmake -S "./Standalone" -B "/home/tomas/dev/cpp/projects/MyPersonalDiscordBot/Build/Standalone/default/Debug" -DCMAKE_TOOLCHAIN_FILE="/home/tomas/dev/cpp/projects/MyPersonalDiscordBot/Build/Standalone/default/Debug/conan_toolchain.cmake" -DCMAKE_BUILD_TYPE=Debug -DCMAKE_INSTALL_PREFIX="/home/tomas/dev/cpp/projects/MyPersonalDiscordBot/Build/Install/default/Debug"
source "/home/tomas/dev/cpp/projects/MyPersonalDiscordBot/Build/Library/default/Debug/conanbuild.sh" && cmake --build "/home/tomas/dev/cpp/projects/MyPersonalDiscordBot/Build/Library/default/Debug"  -j 16
source "/home/tomas/dev/cpp/projects/MyPersonalDiscordBot/Build/Standalone/default/Debug/conanbuild.sh" && cmake --build "/home/tomas/dev/cpp/projects/MyPersonalDiscordBot/Build/Standalone/default/Debug"  -j 16
source "/home/tomas/dev/cpp/projects/MyPersonalDiscordBot/Build/Library/default/Debug/conanbuild.sh" && cmake --build "/home/tomas/dev/cpp/projects/MyPersonalDiscordBot/Build/Library/default/Debug" --target install -j 16
source "/home/tomas/dev/cpp/projects/MyPersonalDiscordBot/Build/Standalone/default/Debug/conanbuild.sh" && cmake --build "/home/tomas/dev/cpp/projects/MyPersonalDiscordBot/Build/Standalone/default/Debug" --target install -j 16
Remove: Build/Standalone/default/Debug
conan install "/home/tomas/dev/cpp/projects/MyPersonalDiscordBot" --output-folder="/home/tomas/dev/cpp/projects/MyPersonalDiscordBot/Build/Standalone/default/Debug" --build=missing --profile default --settings build_type=Debug -o *:shared=False
source "/home/tomas/dev/cpp/projects/MyPersonalDiscordBot/Build/Standalone/default/Debug/conanbuild.sh" && cmake -S "./Standalone" -B "/home/tomas/dev/cpp/projects/MyPersonalDiscordBot/Build/Standalone/default/Debug" -DCMAKE_TOOLCHAIN_FILE="/home/tomas/dev/cpp/projects/MyPersonalDiscordBot/Build/Standalone/default/Debug/conan_toolchain.cmake" -DCMAKE_BUILD_TYPE=Debug -DCMAKE_INSTALL_PREFIX="/home/tomas/dev/cpp/projects/MyPersonalDiscordBot/Build/Install/default/Debug"
source "/home/tomas/dev/cpp/projects/MyPersonalDiscordBot/Build/Standalone/default/Debug/conanbuild.sh" && cmake --build "/home/tomas/dev/cpp/projects/MyPersonalDiscordBot/Build/Standalone/default/Debug"  -j 16
Remove: Build/Standalone/default/Debug
conan install "/home/tomas/dev/cpp/projects/MyPersonalDiscordBot" --output-folder="/home/tomas/dev/cpp/projects/MyPersonalDiscordBot/Build/Standalone/default/Debug" --build=missing --profile default --settings build_type=Debug -o *:shared=False
source "/home/tomas/dev/cpp/projects/MyPersonalDiscordBot/Build/Standalone/default/Debug/conanbuild.sh" && cmake -S "./Standalone" -B "/home/tomas/dev/cpp/projects/MyPersonalDiscordBot/Build/Standalone/default/Debug" -DCMAKE_TOOLCHAIN_FILE="/home/tomas/dev/cpp/projects/MyPersonalDiscordBot/Build/Standalone/default/Debug/conan_toolchain.cmake" -DCMAKE_BUILD_TYPE=Debug -DCMAKE_INSTALL_PREFIX="/home/tomas/dev/cpp/projects/MyPersonalDiscordBot/Build/Install/default/Debug"
source "/home/tomas/dev/cpp/projects/MyPersonalDiscordBot/Build/Standalone/default/Debug/conanbuild.sh" && cmake --build "/home/tomas/dev/cpp/projects/MyPersonalDiscordBot/Build/Standalone/default/Debug"  -j 16
source "/home/tomas/dev/cpp/projects/MyPersonalDiscordBot/Build/Standalone/default/Debug/conanbuild.sh" && cmake --build "/home/tomas/dev/cpp/projects/MyPersonalDiscordBot/Build/Standalone/default/Debug"  -j 16
Remove: Build/Standalone/default/Debug
conan install "/home/tomas/dev/cpp/projects/MyPersonalDiscordBot" --output-folder="/home/tomas/dev/cpp/projects/MyPersonalDiscordBot/Build/Standalone/default/Debug" --build=missing --profile default --settings build_type=Debug 
source "/home/tomas/dev/cpp/projects/MyPersonalDiscordBot/Build/Standalone/default/Debug/conanbuild.sh" && cmake -S "./Standalone" -B "/home/tomas/dev/cpp/projects/MyPersonalDiscordBot/Build/Standalone/default/Debug" -DCMAKE_TOOLCHAIN_FILE="/home/tomas/dev/cpp/projects/MyPersonalDiscordBot/Build/Standalone/default/Debug/conan_toolchain.cmake" -DCMAKE_BUILD_TYPE=Debug -DCMAKE_INSTALL_PREFIX="/home/tomas/dev/cpp/projects/MyPersonalDiscordBot/Build/Install/default/Debug"
source "/home/tomas/dev/cpp/projects/MyPersonalDiscordBot/Build/Standalone/default/Debug/conanbuild.sh" && cmake --build "/home/tomas/dev/cpp/projects/MyPersonalDiscordBot/Build/Standalone/default/Debug"  -j 16
source "/home/tomas/dev/cpp/projects/MyPersonalDiscordBot/Build/Standalone/default/Debug/conanbuild.sh" && cmake --build "/home/tomas/dev/cpp/projects/MyPersonalDiscordBot/Build/Standalone/default/Debug" --target install -j 16
source "/home/tomas/dev/cpp/projects/MyPersonalDiscordBot/Build/Standalone/default/Debug/conanbuild.sh" && cmake --build "/home/tomas/dev/cpp/projects/MyPersonalDiscordBot/Build/Standalone/default/Debug"  -j 16
Remove: Build/Standalone/default/Debug
conan install "/home/tomas/dev/cpp/projects/MyPersonalDiscordBot" --output-folder="/home/tomas/dev/cpp/projects/MyPersonalDiscordBot/Build/Standalone/default/Debug" --install-folder="/home/tomas/dev/cpp/projects/MyPersonalDiscordBot/Build/Standalone/default/Debug" --build=missing --profile default --settings build_type=Debug 
Remove: Build/Standalone/default/Debug
conan install "/home/tomas/dev/cpp/projects/MyPersonalDiscordBot" --output-folder="/home/tomas/dev/cpp/projects/MyPersonalDiscordBot/Build/Standalone/default/Debug" --deployer=full_deploy --build=missing --profile default --settings build_type=Debug 
source "/home/tomas/dev/cpp/projects/MyPersonalDiscordBot/Build/Standalone/default/Debug/conanbuild.sh" && cmake -S "./Standalone" -B "/home/tomas/dev/cpp/projects/MyPersonalDiscordBot/Build/Standalone/default/Debug" -DCMAKE_TOOLCHAIN_FILE="/home/tomas/dev/cpp/projects/MyPersonalDiscordBot/Build/Standalone/default/Debug/conan_toolchain.cmake" -DCMAKE_BUILD_TYPE=Debug -DCMAKE_INSTALL_PREFIX="/home/tomas/dev/cpp/projects/MyPersonalDiscordBot/Build/Install/default/Debug"
source "/home/tomas/dev/cpp/projects/MyPersonalDiscordBot/Build/Standalone/default/Debug/conanbuild.sh" && cmake --build "/home/tomas/dev/cpp/projects/MyPersonalDiscordBot/Build/Standalone/default/Debug"  -j 16
source "/home/tomas/dev/cpp/projects/MyPersonalDiscordBot/Build/Standalone/default/Debug/conanbuild.sh" && cmake --build "/home/tomas/dev/cpp/projects/MyPersonalDiscordBot/Build/Standalone/default/Debug" --target install -j 16
Remove: Build/Standalone/default/Debug
conan install "/home/tomas/dev/cpp/projects/MyPersonalDiscordBot" --output-folder="/home/tomas/dev/cpp/projects/MyPersonalDiscordBot/Build/Standalone/default/Debug" --deployer=full_deploy --build=missing --profile default --settings build_type=Debug 
source "/home/tomas/dev/cpp/projects/MyPersonalDiscordBot/Build/Standalone/default/Debug/conanbuild.sh" && cmake -S "./Standalone" -B "/home/tomas/dev/cpp/projects/MyPersonalDiscordBot/Build/Standalone/default/Debug" -DCMAKE_TOOLCHAIN_FILE="/home/tomas/dev/cpp/projects/MyPersonalDiscordBot/Build/Standalone/default/Debug/conan_toolchain.cmake" -DCMAKE_BUILD_TYPE=Debug -DCMAKE_INSTALL_PREFIX="/home/tomas/dev/cpp/projects/MyPersonalDiscordBot/Build/Install/default/Debug"
source "/home/tomas/dev/cpp/projects/MyPersonalDiscordBot/Build/Standalone/default/Debug/conanbuild.sh" && cmake --build "/home/tomas/dev/cpp/projects/MyPersonalDiscordBot/Build/Standalone/default/Debug"  -j 16
source "/home/tomas/dev/cpp/projects/MyPersonalDiscordBot/Build/Standalone/default/Debug/conanbuild.sh" && cmake --build "/home/tomas/dev/cpp/projects/MyPersonalDiscordBot/Build/Standalone/default/Debug" --target install -j 16
Remove: Build/Standalone/default/Debug
conan install "/home/tomas/dev/cpp/projects/MyPersonalDiscordBot" --output-folder="/home/tomas/dev/cpp/projects/MyPersonalDiscordBot/Build/Standalone/default/Debug" --deployer=full_deploy --build=missing --profile default --settings build_type=Debug 
source "/home/tomas/dev/cpp/projects/MyPersonalDiscordBot/Build/Standalone/default/Debug/conanbuild.sh" && cmake -S "./Standalone" -B "/home/tomas/dev/cpp/projects/MyPersonalDiscordBot/Build/Standalone/default/Debug" -DCMAKE_TOOLCHAIN_FILE="/home/tomas/dev/cpp/projects/MyPersonalDiscordBot/Build/Standalone/default/Debug/conan_toolchain.cmake" -DCMAKE_BUILD_TYPE=Debug -DCMAKE_INSTALL_PREFIX="/home/tomas/dev/cpp/projects/MyPersonalDiscordBot/Build/Install/default/Debug"
source "/home/tomas/dev/cpp/projects/MyPersonalDiscordBot/Build/Standalone/default/Debug/conanbuild.sh" && cmake --build "/home/tomas/dev/cpp/projects/MyPersonalDiscordBot/Build/Standalone/default/Debug"  -j 16
source "/home/tomas/dev/cpp/projects/MyPersonalDiscordBot/Build/Standalone/default/Debug/conanbuild.sh" && cmake --build "/home/tomas/dev/cpp/projects/MyPersonalDiscordBot/Build/Standalone/default/Debug" --target install -j 16
Remove: Build/Standalone/default/Debug
conan install "/home/tomas/dev/cpp/projects/MyPersonalDiscordBot" --output-folder="/home/tomas/dev/cpp/projects/MyPersonalDiscordBot/Build/Standalone/default/Debug" --deployer=full_deploy --build=missing --profile default --settings build_type=Debug 
source "/home/tomas/dev/cpp/projects/MyPersonalDiscordBot/Build/Standalone/default/Debug/conanbuild.sh" && cmake -S "./Standalone" -B "/home/tomas/dev/cpp/projects/MyPersonalDiscordBot/Build/Standalone/default/Debug" -DCMAKE_TOOLCHAIN_FILE="/home/tomas/dev/cpp/projects/MyPersonalDiscordBot/Build/Standalone/default/Debug/conan_toolchain.cmake" -DCMAKE_BUILD_TYPE=Debug -DCMAKE_INSTALL_PREFIX="/home/tomas/dev/cpp/projects/MyPersonalDiscordBot/Build/Install/default/Debug"
source "/home/tomas/dev/cpp/projects/MyPersonalDiscordBot/Build/Standalone/default/Debug/conanbuild.sh" && cmake --build "/home/tomas/dev/cpp/projects/MyPersonalDiscordBot/Build/Standalone/default/Debug"  -j 16
source "/home/tomas/dev/cpp/projects/MyPersonalDiscordBot/Build/Standalone/default/Debug/conanbuild.sh" && cmake --build "/home/tomas/dev/cpp/projects/MyPersonalDiscordBot/Build/Standalone/default/Debug" --target install -j 16
Remove: Build/Standalone/aarch64-rpi4-linux-gnu/RelWithDebInfo
conan install "/home/tomas/dev/cpp/projects/MyPersonalDiscordBot" --output-folder="/home/tomas/dev/cpp/projects/MyPersonalDiscordBot/Build/Standalone/aarch64-rpi4-linux-gnu/RelWithDebInfo" --deployer=full_deploy --build=missing --profile aarch64-rpi4-linux-gnu --settings build_type=RelWithDebInfo
source "/home/tomas/dev/cpp/projects/MyPersonalDiscordBot/Build/Standalone/aarch64-rpi4-linux-gnu/RelWithDebInfo/conanbuild.sh" && cmake -S "./Standalone" -B "/home/tomas/dev/cpp/projects/MyPersonalDiscordBot/Build/Standalone/aarch64-rpi4-linux-gnu/RelWithDebInfo" -DCMAKE_TOOLCHAIN_FILE="/home/tomas/dev/cpp/projects/MyPersonalDiscordBot/Build/Standalone/aarch64-rpi4-linux-gnu/RelWithDebInfo/conan_toolchain.cmake" -DCMAKE_BUILD_TYPE=RelWithDebInfo -DCMAKE_INSTALL_PREFIX="/home/tomas/dev/cpp/projects/MyPersonalDiscordBot/Build/Install/aarch64-rpi4-linux-gnu/RelWithDebInfo"
source "/home/tomas/dev/cpp/projects/MyPersonalDiscordBot/Build/Standalone/aarch64-rpi4-linux-gnu/RelWithDebInfo/conanbuild.sh" && cmake --build "/home/tomas/dev/cpp/projects/MyPersonalDiscordBot/Build/Standalone/aarch64-rpi4-linux-gnu/RelWithDebInfo"  -j 16
source "/home/tomas/dev/cpp/projects/MyPersonalDiscordBot/Build/Standalone/aarch64-rpi4-linux-gnu/RelWithDebInfo/conanbuild.sh" && cmake --build "/home/tomas/dev/cpp/projects/MyPersonalDiscordBot/Build/Standalone/aarch64-rpi4-linux-gnu/RelWithDebInfo" --target install -j 16
source "/home/tomas/dev/cpp/projects/MyPersonalDiscordBot/Build/Standalone/default/Debug/conanbuild.sh" && cmake --build "/home/tomas/dev/cpp/projects/MyPersonalDiscordBot/Build/Standalone/default/Debug"  -j 16
source "/home/tomas/dev/cpp/projects/MyPersonalDiscordBot/Build/Standalone/default/Debug/conanbuild.sh" && cmake --build "/home/tomas/dev/cpp/projects/MyPersonalDiscordBot/Build/Standalone/default/Debug"  -j 16
Remove: Build/Standalone/default/Debug
conan install "/home/tomas/dev/cpp/projects/MyPersonalDiscordBot" --output-folder="/home/tomas/dev/cpp/projects/MyPersonalDiscordBot/Build/Standalone/default/Debug" --deployer=full_deploy --build=missing --profile default --settings build_type=Debug
source "/home/tomas/dev/cpp/projects/MyPersonalDiscordBot/Build/Standalone/default/Debug/conanbuild.sh" && cmake -S "./Standalone" -B "/home/tomas/dev/cpp/projects/MyPersonalDiscordBot/Build/Standalone/default/Debug" -DCMAKE_TOOLCHAIN_FILE="/home/tomas/dev/cpp/projects/MyPersonalDiscordBot/Build/Standalone/default/Debug/conan_toolchain.cmake" -DCMAKE_BUILD_TYPE=Debug -DCMAKE_INSTALL_PREFIX="/home/tomas/dev/cpp/projects/MyPersonalDiscordBot/Build/Install/default/Debug"
source "/home/tomas/dev/cpp/projects/MyPersonalDiscordBot/Build/Standalone/default/Debug/conanbuild.sh" && cmake --build "/home/tomas/dev/cpp/projects/MyPersonalDiscordBot/Build/Standalone/default/Debug"  -j 16
source "/home/tomas/dev/cpp/projects/MyPersonalDiscordBot/Build/Standalone/default/Debug/conanbuild.sh" && cmake --build "/home/tomas/dev/cpp/projects/MyPersonalDiscordBot/Build/Standalone/default/Debug"  -j 16
Remove: Build/Standalone/aarch64-rpi4-linux-gnu/Release
conan install "/home/tomas/dev/cpp/projects/MyPersonalDiscordBot" --output-folder="/home/tomas/dev/cpp/projects/MyPersonalDiscordBot/Build/Standalone/aarch64-rpi4-linux-gnu/Release" --deployer=full_deploy --build=missing --profile aarch64-rpi4-linux-gnu --settings build_type=Release
source "/home/tomas/dev/cpp/projects/MyPersonalDiscordBot/Build/Standalone/aarch64-rpi4-linux-gnu/Release/conanbuild.sh" && cmake -S "./Standalone" -B "/home/tomas/dev/cpp/projects/MyPersonalDiscordBot/Build/Standalone/aarch64-rpi4-linux-gnu/Release" -DCMAKE_TOOLCHAIN_FILE="/home/tomas/dev/cpp/projects/MyPersonalDiscordBot/Build/Standalone/aarch64-rpi4-linux-gnu/Release/conan_toolchain.cmake" -DCMAKE_BUILD_TYPE=Release -DCMAKE_INSTALL_PREFIX="/home/tomas/dev/cpp/projects/MyPersonalDiscordBot/Build/Install/aarch64-rpi4-linux-gnu/Release"
source "/home/tomas/dev/cpp/projects/MyPersonalDiscordBot/Build/Standalone/aarch64-rpi4-linux-gnu/Release/conanbuild.sh" && cmake --build "/home/tomas/dev/cpp/projects/MyPersonalDiscordBot/Build/Standalone/aarch64-rpi4-linux-gnu/Release"  -j 16
source "/home/tomas/dev/cpp/projects/MyPersonalDiscordBot/Build/Standalone/default/Debug/conanbuild.sh" && cmake --build "/home/tomas/dev/cpp/projects/MyPersonalDiscordBot/Build/Standalone/default/Debug"  -j 16
Remove: Build/Standalone/x86_64-w64-mingw32/Release
conan install "/home/tomas/dev/cpp/projects/MyPersonalDiscordBot" --output-folder="/home/tomas/dev/cpp/projects/MyPersonalDiscordBot/Build/Standalone/x86_64-w64-mingw32/Release" --deployer=full_deploy --build=missing --profile x86_64-w64-mingw32 --settings build_type=Release
Remove: Build/Standalone/default/Debug
conan install "/home/tomas/dev/cpp/projects/MyPersonalDiscordBot" --output-folder="/home/tomas/dev/cpp/projects/MyPersonalDiscordBot/Build/Standalone/default/Debug" --deployer=full_deploy --build=missing --profile default --settings build_type=Debug
source "/home/tomas/dev/cpp/projects/MyPersonalDiscordBot/Build/Standalone/default/Debug/conanbuild.sh" && cmake -S "./Standalone" -B "/home/tomas/dev/cpp/projects/MyPersonalDiscordBot/Build/Standalone/default/Debug" -DCMAKE_TOOLCHAIN_FILE="/home/tomas/dev/cpp/projects/MyPersonalDiscordBot/Build/Standalone/default/Debug/conan_toolchain.cmake" -DCMAKE_BUILD_TYPE=Debug -DCMAKE_INSTALL_PREFIX="/home/tomas/dev/cpp/projects/MyPersonalDiscordBot/Build/Install/default/Debug"
source "/home/tomas/dev/cpp/projects/MyPersonalDiscordBot/Build/Standalone/default/Debug/conanbuild.sh" && cmake --build "/home/tomas/dev/cpp/projects/MyPersonalDiscordBot/Build/Standalone/default/Debug"  -j 16
source "/home/tomas/dev/cpp/projects/MyPersonalDiscordBot/Build/Standalone/default/Debug/conanbuild.sh" && cmake --build "/home/tomas/dev/cpp/projects/MyPersonalDiscordBot/Build/Standalone/default/Debug" --target install -j 16
Remove: Build/Standalone/aarch64-rpi4-linux-gnu/Release
conan install "/home/tomas/dev/cpp/projects/MyPersonalDiscordBot" --output-folder="/home/tomas/dev/cpp/projects/MyPersonalDiscordBot/Build/Standalone/aarch64-rpi4-linux-gnu/Release" --deployer=full_deploy --build=missing --profile aarch64-rpi4-linux-gnu --settings build_type=Release
source "/home/tomas/dev/cpp/projects/MyPersonalDiscordBot/Build/Standalone/aarch64-rpi4-linux-gnu/Release/conanbuild.sh" && cmake -S "./Standalone" -B "/home/tomas/dev/cpp/projects/MyPersonalDiscordBot/Build/Standalone/aarch64-rpi4-linux-gnu/Release" -DCMAKE_TOOLCHAIN_FILE="/home/tomas/dev/cpp/projects/MyPersonalDiscordBot/Build/Standalone/aarch64-rpi4-linux-gnu/Release/conan_toolchain.cmake" -DCMAKE_BUILD_TYPE=Release -DCMAKE_INSTALL_PREFIX="/home/tomas/dev/cpp/projects/MyPersonalDiscordBot/Build/Install/aarch64-rpi4-linux-gnu/Release"
Remove: Build/Standalone/aarch64-rpi4-linux-gnu/Release
conan install "/home/tomas/dev/cpp/projects/MyPersonalDiscordBot" --output-folder="/home/tomas/dev/cpp/projects/MyPersonalDiscordBot/Build/Standalone/aarch64-rpi4-linux-gnu/Release" --deployer=full_deploy --build=missing --profile aarch64-rpi4-linux-gnu --settings build_type=Release
source "/home/tomas/dev/cpp/projects/MyPersonalDiscordBot/Build/Standalone/aarch64-rpi4-linux-gnu/Release/conanbuild.sh" && cmake -S "./Standalone" -B "/home/tomas/dev/cpp/projects/MyPersonalDiscordBot/Build/Standalone/aarch64-rpi4-linux-gnu/Release" -DCMAKE_TOOLCHAIN_FILE="/home/tomas/dev/cpp/projects/MyPersonalDiscordBot/Build/Standalone/aarch64-rpi4-linux-gnu/Release/conan_toolchain.cmake" -DCMAKE_BUILD_TYPE=Release -DCMAKE_INSTALL_PREFIX="/home/tomas/dev/cpp/projects/MyPersonalDiscordBot/Build/Install/aarch64-rpi4-linux-gnu/Release"
source "/home/tomas/dev/cpp/projects/MyPersonalDiscordBot/Build/Standalone/aarch64-rpi4-linux-gnu/Release/conanbuild.sh" && cmake --build "/home/tomas/dev/cpp/projects/MyPersonalDiscordBot/Build/Standalone/aarch64-rpi4-linux-gnu/Release"  -j 16
source "/home/tomas/dev/cpp/projects/MyPersonalDiscordBot/Build/Standalone/aarch64-rpi4-linux-gnu/Release/conanbuild.sh" && cmake --build "/home/tomas/dev/cpp/projects/MyPersonalDiscordBot/Build/Standalone/aarch64-rpi4-linux-gnu/Release" --target install -j 16
source "/home/tomas/dev/cpp/projects/MyPersonalDiscordBot/Build/Standalone/default/Debug/conanbuild.sh" && cmake --build "/home/tomas/dev/cpp/projects/MyPersonalDiscordBot/Build/Standalone/default/Debug"  -j 16
source "/home/tomas/dev/cpp/projects/MyPersonalDiscordBot/Build/Standalone/default/Debug/conanbuild.sh" && cmake --build "/home/tomas/dev/cpp/projects/MyPersonalDiscordBot/Build/Standalone/default/Debug"  -j 16
source "/home/tomas/dev/cpp/projects/MyPersonalDiscordBot/Build/Standalone/default/Debug/conanbuild.sh" && cmake --build "/home/tomas/dev/cpp/projects/MyPersonalDiscordBot/Build/Standalone/default/Debug"  -j 16
source "/home/tomas/dev/cpp/projects/MyPersonalDiscordBot/Build/Standalone/default/Debug/conanbuild.sh" && cmake --build "/home/tomas/dev/cpp/projects/MyPersonalDiscordBot/Build/Standalone/default/Debug"  -j 16
source "/home/tomas/dev/cpp/projects/MyPersonalDiscordBot/Build/Standalone/default/Debug/conanbuild.sh" && cmake --build "/home/tomas/dev/cpp/projects/MyPersonalDiscordBot/Build/Standalone/default/Debug"  -j 16
Remove: Build/Standalone/x86_64-clang-linux-gnu/Debug
conan install "/home/tomas/dev/cpp/projects/MyPersonalDiscordBot" --output-folder="/home/tomas/dev/cpp/projects/MyPersonalDiscordBot/Build/Standalone/x86_64-clang-linux-gnu/Debug" --deployer=full_deploy --build=missing --profile x86_64-clang-linux-gnu --settings build_type=Debug
Remove: Build/Standalone/x86_64-clang-linux-gnu/Debug
conan install "/home/tomas/dev/cpp/projects/MyPersonalDiscordBot" --output-folder="/home/tomas/dev/cpp/projects/MyPersonalDiscordBot/Build/Standalone/x86_64-clang-linux-gnu/Debug" --deployer=full_deploy --build=missing --profile x86_64-clang-linux-gnu --settings build_type=Debug
Remove: Build/Standalone/default/Debug
conan install "/home/tomas/dev/cpp/projects/MyPersonalDiscordBot" --output-folder="/home/tomas/dev/cpp/projects/MyPersonalDiscordBot/Build/Standalone/default/Debug" --deployer=full_deploy --build=missing --profile default --settings build_type=Debug
source "/home/tomas/dev/cpp/projects/MyPersonalDiscordBot/Build/Standalone/default/Debug/conanbuild.sh" && cmake -S "./Standalone" -B "/home/tomas/dev/cpp/projects/MyPersonalDiscordBot/Build/Standalone/default/Debug" -DCMAKE_TOOLCHAIN_FILE="/home/tomas/dev/cpp/projects/MyPersonalDiscordBot/Build/Standalone/default/Debug/conan_toolchain.cmake" -DCMAKE_BUILD_TYPE=Debug -DCMAKE_INSTALL_PREFIX="/home/tomas/dev/cpp/projects/MyPersonalDiscordBot/Build/Install/default/Debug"
source "/home/tomas/dev/cpp/projects/MyPersonalDiscordBot/Build/Standalone/default/Debug/conanbuild.sh" && cmake --build "/home/tomas/dev/cpp/projects/MyPersonalDiscordBot/Build/Standalone/default/Debug"  -j 16
Remove: Build/Standalone/default/Debug
conan install "/home/tomas/dev/cpp/projects/MyPersonalDiscordBot" --output-folder="/home/tomas/dev/cpp/projects/MyPersonalDiscordBot/Build/Standalone/default/Debug" --deployer=full_deploy --build=missing --profile default --settings build_type=Debug
source "/home/tomas/dev/cpp/projects/MyPersonalDiscordBot/Build/Standalone/default/Debug/conanbuild.sh" && cmake -S "./Standalone" -B "/home/tomas/dev/cpp/projects/MyPersonalDiscordBot/Build/Standalone/default/Debug" -DCMAKE_TOOLCHAIN_FILE="/home/tomas/dev/cpp/projects/MyPersonalDiscordBot/Build/Standalone/default/Debug/conan_toolchain.cmake" -DCMAKE_BUILD_TYPE=Debug -DCMAKE_INSTALL_PREFIX="/home/tomas/dev/cpp/projects/MyPersonalDiscordBot/Build/Install/default/Debug"
source "/home/tomas/dev/cpp/projects/MyPersonalDiscordBot/Build/Standalone/default/Debug/conanbuild.sh" && cmake --build "/home/tomas/dev/cpp/projects/MyPersonalDiscordBot/Build/Standalone/default/Debug"  -j 16
Remove: Build/Standalone/x86_64-clang-linux-gnu/Debug
conan install "/home/tomas/dev/cpp/projects/MyPersonalDiscordBot" --output-folder="/home/tomas/dev/cpp/projects/MyPersonalDiscordBot/Build/Standalone/x86_64-clang-linux-gnu/Debug" --deployer=full_deploy --build=missing --profile x86_64-clang-linux-gnu --settings build_type=Debug
Remove: Build/Standalone/x86_64-clang-linux-gnu/Debug
conan install "/home/tomas/dev/cpp/projects/MyPersonalDiscordBot" --output-folder="/home/tomas/dev/cpp/projects/MyPersonalDiscordBot/Build/Standalone/x86_64-clang-linux-gnu/Debug" --deployer=full_deploy --build=missing --profile x86_64-clang-linux-gnu --settings build_type=Debug
source "/home/tomas/dev/cpp/projects/MyPersonalDiscordBot/Build/Standalone/x86_64-clang-linux-gnu/Debug/conanbuild.sh" && cmake -S "./Standalone" -B "/home/tomas/dev/cpp/projects/MyPersonalDiscordBot/Build/Standalone/x86_64-clang-linux-gnu/Debug" -DCMAKE_TOOLCHAIN_FILE="/home/tomas/dev/cpp/projects/MyPersonalDiscordBot/Build/Standalone/x86_64-clang-linux-gnu/Debug/conan_toolchain.cmake" -DCMAKE_BUILD_TYPE=Debug -DCMAKE_INSTALL_PREFIX="/home/tomas/dev/cpp/projects/MyPersonalDiscordBot/Build/Install/x86_64-clang-linux-gnu/Debug"
source "/home/tomas/dev/cpp/projects/MyPersonalDiscordBot/Build/Standalone/x86_64-clang-linux-gnu/Debug/conanbuild.sh" && cmake --build "/home/tomas/dev/cpp/projects/MyPersonalDiscordBot/Build/Standalone/x86_64-clang-linux-gnu/Debug"  -j 16
Remove: Build/Standalone/x86_64-clang-linux-gnu/Debug
conan install "/home/tomas/dev/cpp/projects/MyPersonalDiscordBot" --output-folder="/home/tomas/dev/cpp/projects/MyPersonalDiscordBot/Build/Standalone/x86_64-clang-linux-gnu/Debug" --deployer=full_deploy --build=missing --profile x86_64-clang-linux-gnu --settings build_type=Debug
Remove: Build/Standalone/x86_64-clang-linux-gnu/Debug
conan install "/home/tomas/dev/cpp/projects/MyPersonalDiscordBot" --output-folder="/home/tomas/dev/cpp/projects/MyPersonalDiscordBot/Build/Standalone/x86_64-clang-linux-gnu/Debug" --deployer=full_deploy --build=missing --profile x86_64-clang-linux-gnu --settings build_type=Debug
source "/home/tomas/dev/cpp/projects/MyPersonalDiscordBot/Build/Standalone/x86_64-clang-linux-gnu/Debug/conanbuild.sh" && cmake -S "./Standalone" -B "/home/tomas/dev/cpp/projects/MyPersonalDiscordBot/Build/Standalone/x86_64-clang-linux-gnu/Debug" -DCMAKE_TOOLCHAIN_FILE="/home/tomas/dev/cpp/projects/MyPersonalDiscordBot/Build/Standalone/x86_64-clang-linux-gnu/Debug/conan_toolchain.cmake" -DCMAKE_BUILD_TYPE=Debug -DCMAKE_INSTALL_PREFIX="/home/tomas/dev/cpp/projects/MyPersonalDiscordBot/Build/Install/x86_64-clang-linux-gnu/Debug"
source "/home/tomas/dev/cpp/projects/MyPersonalDiscordBot/Build/Standalone/x86_64-clang-linux-gnu/Debug/conanbuild.sh" && cmake --build "/home/tomas/dev/cpp/projects/MyPersonalDiscordBot/Build/Standalone/x86_64-clang-linux-gnu/Debug"  -j 16
Remove: Build/Standalone/x86_64-w64-mingw32/Debug
conan install "/home/tomas/dev/cpp/projects/MyPersonalDiscordBot" --output-folder="/home/tomas/dev/cpp/projects/MyPersonalDiscordBot/Build/Standalone/x86_64-w64-mingw32/Debug" --deployer=full_deploy --build=missing --profile x86_64-w64-mingw32 --settings build_type=Debug
